<?xml version="1.0" encoding="utf-8"?><testsuites name="pytest tests"><testsuite name="pytest" errors="0" failures="0" skipped="0" tests="61" time="11.126" timestamp="2026-05-22T12:57:00.804848+00:00" hostname="agent-env-c18abf06-55a4-4fdf-8c84-d57c9bc532d9"><testcase classname="backend.tests.backend_test.TestAuth" name="test_login_admin" time="0.746" /><testcase classname="backend.tests.backend_test.TestAuth" name="test_me" time="0.103" /><testcase classname="backend.tests.backend_test.TestAuth" name="test_invalid_login" time="0.515" /><testcase classname="backend.tests.backend_test.TestAuth" name="test_me_no_token" time="0.089" /><testcase classname="backend.tests.backend_test.TestAuth" name="test_logout" time="0.128" /><testcase classname="backend.tests.backend_test.TestUsers" name="test_create_user_requires_admin" time="0.743" /><testcase classname="backend.tests.backend_test.TestUsers" name="test_list_users_admin" time="0.097" /><testcase classname="backend.tests.backend_test.TestUsers" name="test_list_users_forbidden" time="0.751" /><testcase classname="backend.tests.backend_test.TestUsers" name="test_caja_login_works" time="0.080" /><testcase classname="backend.tests.backend_test.TestUsers" name="test_consultas_login_works" time="0.100" /><testcase classname="backend.tests.backend_test.TestEstudiantes" name="test_create_and_get" time="0.167" /><testcase classname="backend.tests.backend_test.TestEstudiantes" name="test_duplicate_codigo" time="0.089" /><testcase classname="backend.tests.backend_test.TestEstudiantes" name="test_update_estudiante" time="0.086" /><testcase classname="backend.tests.backend_test.TestEstudiantes" name="test_caja_cannot_update_estudiante" time="0.100" /><testcase classname="backend.tests.backend_test.TestEstudiantes" name="test_caja_can_create_estudiante" time="0.075" /><testcase classname="backend.tests.backend_test.TestEstudiantes" name="test_consultas_cannot_create" time="0.090" /><testcase classname="backend.tests.backend_test.TestEstudiantes" name="test_consultas_can_list" time="0.073" /><testcase classname="backend.tests.backend_test.TestTiposPagos" name="test_create_and_list" time="0.178" /><testcase classname="backend.tests.backend_test.TestTiposPagos" name="test_caja_cannot_create_tipopago" time="0.071" /><testcase classname="backend.tests.backend_test.TestTiposPagos" name="test_update_tipopago" time="0.091" /><testcase classname="backend.tests.backend_test.TestPagos" name="test_preview_comprobante" time="0.090" /><testcase classname="backend.tests.backend_test.TestPagos" name="test_create_pago_and_correlativo" time="0.248" /><testcase classname="backend.tests.backend_test.TestPagos" name="test_list_pagos_filter" time="0.125" /><testcase classname="backend.tests.backend_test.TestPagos" name="test_consultas_can_list_pagos" time="0.082" /><testcase classname="backend.tests.backend_test.TestPagos" name="test_caja_cannot_anular" time="0.084" /><testcase classname="backend.tests.backend_test.TestPagos" name="test_admin_anular_pago" time="0.191" /><testcase classname="backend.tests.backend_test.TestPagos" name="test_double_anular_rejected" time="0.074" /><testcase classname="backend.tests.backend_test.TestReportes" name="test_reportes_diario_admin" time="0.073" /><testcase classname="backend.tests.backend_test.TestReportes" name="test_reportes_semanal" time="0.078" /><testcase classname="backend.tests.backend_test.TestReportes" name="test_reportes_mensual" time="0.089" /><testcase classname="backend.tests.backend_test.TestReportes" name="test_reportes_rango" time="0.091" /><testcase classname="backend.tests.backend_test.TestReportes" name="test_reportes_rango_missing" time="0.092" /><testcase classname="backend.tests.backend_test.TestReportes" name="test_caja_cannot_view_reportes" time="0.078" /><testcase classname="backend.tests.backend_test.TestDashboard" name="test_stats" time="0.101" /><testcase classname="backend.tests.backend_test.TestDashboard" name="test_stats_caja" time="0.129" /><testcase classname="backend.tests.backend_test.TestUsersList" name="test_admin_can_list" time="0.086" /><testcase classname="backend.tests.backend_test.TestUsersList" name="test_caja_can_list" time="0.064" /><testcase classname="backend.tests.backend_test.TestUsersList" name="test_consultas_can_list" time="0.095" /><testcase classname="backend.tests.backend_test.TestUsersList" name="test_unauthenticated_blocked" time="0.077" /><testcase classname="backend.tests.backend_test.TestPagoEditAndCreatedByFilter" name="test_created_by_name_hydrated" time="0.184" /><testcase classname="backend.tests.backend_test.TestPagoEditAndCreatedByFilter" name="test_admin_edit_pago_updates_total" time="0.184" /><testcase classname="backend.tests.backend_test.TestPagoEditAndCreatedByFilter" name="test_edit_change_tipopago_recalculates" time="0.336" /><testcase classname="backend.tests.backend_test.TestPagoEditAndCreatedByFilter" name="test_caja_cannot_edit" time="0.151" /><testcase classname="backend.tests.backend_test.TestPagoEditAndCreatedByFilter" name="test_consultas_cannot_edit" time="0.146" /><testcase classname="backend.tests.backend_test.TestPagoEditAndCreatedByFilter" name="test_cannot_edit_anulado" time="0.235" /><testcase classname="backend.tests.backend_test.TestPagoEditAndCreatedByFilter" name="test_edit_no_changes_rejected" time="0.154" /><testcase classname="backend.tests.backend_test.TestPagoEditAndCreatedByFilter" name="test_edit_invalid_estudiante" time="0.507" /><testcase classname="backend.tests.backend_test.TestPagoEditAndCreatedByFilter" name="test_created_by_filter_on_pagos" time="0.177" /><testcase classname="backend.tests.backend_test.TestPagoEditAndCreatedByFilter" name="test_created_by_filter_on_reportes" time="0.139" /><testcase classname="backend.tests.backend_test.TestPagoEditAndCreatedByFilter" name="test_edit_pago_not_found" time="0.072" /><testcase classname="backend.tests.backend_test.TestAggregationRefactor" name="test_pagos_shape_includes_hydrated_fields" time="0.166" /><testcase classname="backend.tests.backend_test.TestAggregationRefactor" name="test_pagos_sorted_by_created_at_desc" time="0.266" /><testcase classname="backend.tests.backend_test.TestAggregationRefactor" name="test_pagos_q_by_codcomprobante_gestion" time="0.258" /><testcase classname="backend.tests.backend_test.TestAggregationRefactor" name="test_pagos_q_by_estudiante_name" time="0.182" /><testcase classname="backend.tests.backend_test.TestAggregationRefactor" name="test_pagos_filter_fecha_range" time="0.185" /><testcase classname="backend.tests.backend_test.TestAggregationRefactor" name="test_pagos_incluir_anulados_false" time="0.265" /><testcase classname="backend.tests.backend_test.TestAggregationRefactor" name="test_reportes_shape_and_sort" time="0.328" /><testcase classname="backend.tests.backend_test.TestAggregationRefactor" name="test_reportes_created_by_filter" time="0.272" /><testcase classname="backend.tests.backend_test.TestAggregationRefactor" name="test_post_pago_returns_hydrated_single" time="0.102" /><testcase classname="backend.tests.backend_test.TestAggregationRefactor" name="test_put_pago_returns_hydrated_single" time="0.189" /><testcase classname="backend.tests.backend_test.TestAggregationRefactor" name="test_pagos_pago_with_null_edited_by_has_no_edited_name" time="0.154" /></testsuite></testsuites>